Removed Pin From Net: NetName=5V Pin=DS2-1
Removed Pin From Net: NetName=AVDD33 Pin=R5-2
Removed Pin From Net: NetName=MII_TXD0 Pin=R10-2
Removed Pin From Net: NetName=NetR11_1 Pin=R11-1
Removed Pin From Net: NetName=MII_RX_D0 Pin=R11-2
Removed Pin From Net: NetName=NetR12_1 Pin=R12-1
Removed Pin From Net: NetName=MII_TXD1 Pin=R12-2
Removed Pin From Net: NetName=NetR13_1 Pin=R13-1
Removed Pin From Net: NetName=MII_RX_D1 Pin=R13-2
Removed Pin From Net: NetName=NetR14_1 Pin=R14-1
Removed Pin From Net: NetName=MII_TXD2 Pin=R14-2
Removed Pin From Net: NetName=NetR15_1 Pin=R15-1
Removed Pin From Net: NetName=MII_RX_D2 Pin=R15-2
Removed Pin From Net: NetName=NetR16_1 Pin=R16-1
Removed Pin From Net: NetName=MII_TXD3 Pin=R16-2
Removed Pin From Net: NetName=NetR17_1 Pin=R17-1
Removed Pin From Net: NetName=MII_RX_D3 Pin=R17-2
Removed Pin From Net: NetName=MII_RX_DV Pin=R23-2
Removed Pin From Net: NetName=NetR24_1 Pin=R24-1
Removed Pin From Net: NetName=MII_RX_CLK Pin=R24-2
Removed Pin From Net: NetName=NetR25_1 Pin=R25-1
Removed Pin From Net: NetName=MII_COL Pin=R25-2
Removed Pin From Net: NetName=RX_P Pin=R29-1
Removed Pin From Net: NetName=AVDD33 Pin=R29-2
Removed Pin From Net: NetName=TX_P Pin=R30-1
Removed Pin From Net: NetName=AVDD33 Pin=R30-2
Removed Pin From Net: NetName=RX_N Pin=R32-1
Removed Pin From Net: NetName=AVDD33 Pin=R32-2
Removed Pin From Net: NetName=TX_N Pin=R33-1
Removed Pin From Net: NetName=AVDD33 Pin=R33-2
Removed Pin From Net: NetName=LED_SPEED/AN1 Pin=R36-1
Removed Pin From Net: NetName=NetR6_1 Pin=SW2-1
Removed Pin From Net: NetName=NetR16_1 Pin=U2-1
Removed Pin From Net: NetName=NetR6_1 Pin=U2-5
Removed Pin From Net: NetName=NetR14_1 Pin=U2-17
Removed Pin From Net: NetName=NetR24_1 Pin=U2-24
Removed Pin From Net: NetName=NetR25_1 Pin=U2-26
Removed Pin From Net: NetName=NetR12_1 Pin=U2-52
Removed Member From Class: ClassName=U_STM32F417VGT6TR Member=R23
Removed Member From Class: ClassName=U_MainConnector Member=R60
Removed Member From Class: ClassName=U_MainConnector Member=R67
Removed Member From Class: ClassName=U_MainConnector Member=R68
Removed Member From Class: ClassName=U_MainConnector Member=R69
Change Component Footprint: Designator=R10 Old Footprint=FP-CRCW0603-e3-MFG New Footprint=FP-CRCW0603-e3-IPC_C
Change Component Footprint: Designator=R11 Old Footprint=FP-CRCW0603-e3-MFG New Footprint=FP-CRCW0603-e3-IPC_C
Change Component Footprint: Designator=R12 Old Footprint=FP-CRCW0603-e3-MFG New Footprint=FP-CRCW0603-e3-IPC_C
Change Component Footprint: Designator=R13 Old Footprint=FP-CRCW0603-e3-MFG New Footprint=FP-CRCW0603-e3-IPC_C
Change Component Footprint: Designator=R14 Old Footprint=FP-CRCW0603-e3-MFG New Footprint=FP-CRCW0603-e3-IPC_C
Change Component Footprint: Designator=R15 Old Footprint=FP-CRCW0603-e3-MFG New Footprint=FP-CRCW0603-e3-IPC_C
Change Component Footprint: Designator=R16 Old Footprint=FP-CRCW0603-e3-MFG New Footprint=FP-CRCW0603-e3-IPC_C
Change Component Footprint: Designator=R17 Old Footprint=FP-CRCW0603-e3-MFG New Footprint=FP-CRCW0603-e3-IPC_C
Change Component Footprint: Designator=R18 Old Footprint=FP-CRCW0603-e3-MFG New Footprint=FP-CRCW0603-e3-IPC_C
Change Component Footprint: Designator=R19 Old Footprint=FP-CRCW0603-e3-MFG New Footprint=FP-CRCW0603-e3-IPC_C
Change Component Footprint: Designator=R22 Old Footprint=FP-CRCW0603-e3-MFG New Footprint=FP-CRCW0603-e3-IPC_C
Change Component Footprint: Designator=R25 Old Footprint=FP-CRCW0603-e3-MFG New Footprint=FP-CRCW0603-e3-IPC_C
Change Component Footprint: Designator=R29 Old Footprint=FP-CRCW0603-e3-MFG New Footprint=FP-CRCW0603-e3-IPC_C
Change Component Footprint: Designator=R30 Old Footprint=FP-CRCW0603-e3-MFG New Footprint=FP-CRCW0603-e3-IPC_C
Change Component Footprint: Designator=R32 Old Footprint=FP-CRCW0603-e3-MFG New Footprint=FP-CRCW0603-e3-IPC_C
Change Component Footprint: Designator=R33 Old Footprint=FP-CRCW0603-e3-MFG New Footprint=FP-CRCW0603-e3-IPC_C
Change Component Footprint: Designator=R23 Old Footprint=FP-CRCW0603-e3-MFG New Footprint=RESC1608X55X25ML10T15
Change Component Footprint: Designator=R36 Old Footprint=RESC0603X28X15ML05T05 New Footprint=FP-CRCW0603-e3-IPC_C
Change Component Footprint: Designator=R2 Old Footprint=RESC0603X28X15ML05T05 New Footprint=RESC3216X70X40NL20T20
Change Component Footprint: Designator=R5 Old Footprint=RESC1608X55X25ML10T15 New Footprint=RESC1608X55X30NL15T15
Change Component Comment : Designator=R10 Old Comment=CRCW060350R0FKEA New Comment=CRCW060348R7FKEA
Change Component Comment : Designator=R11 Old Comment=CRCW060350R0FKEA New Comment=CRCW060348R7FKEA
Change Component Comment : Designator=R12 Old Comment=CRCW060350R0FKEA New Comment=CRCW060348R7FKEA
Change Component Comment : Designator=R13 Old Comment=CRCW060350R0FKEA New Comment=CRCW060348R7FKEA
Change Component Comment : Designator=R14 Old Comment=CRCW060350R0FKEA New Comment=CRCW060348R7FKEA
Change Component Comment : Designator=R15 Old Comment=CRCW060350R0FKEA New Comment=CRCW060348R7FKEA
Change Component Comment : Designator=R16 Old Comment=CRCW060350R0FKEA New Comment=CRCW060348R7FKEA
Change Component Comment : Designator=R17 Old Comment=CRCW060350R0FKEA New Comment=CRCW060348R7FKEA
Change Component Comment : Designator=R18 Old Comment=CRCW060350R0FKEA New Comment=CRCW060348R7FKEA
Change Component Comment : Designator=R19 Old Comment=CRCW060350R0FKEA New Comment=CRCW060348R7FKEA
Change Component Comment : Designator=R22 Old Comment=CRCW060350R0FKEA New Comment=CRCW060348R7FKEA
Change Component Comment : Designator=R25 Old Comment=CRCW060350R0FKEA New Comment=CRCW060348R7FKEA
Change Component Comment : Designator=R29 Old Comment=CRCW060350R0FKEA New Comment=CRCW060348R7FKEA
Change Component Comment : Designator=R30 Old Comment=CRCW060350R0FKEA New Comment=CRCW060348R7FKEA
Change Component Comment : Designator=R32 Old Comment=CRCW060350R0FKEA New Comment=CRCW060348R7FKEA
Change Component Comment : Designator=R33 Old Comment=CRCW060350R0FKEA New Comment=CRCW060348R7FKEA
Change Component Comment : Designator=R23 Old Comment=CRCW060350R0FKEA New Comment=RC0603JR-0710KL
Change Component Comment : Designator=R36 Old Comment=CRCW0201143RFNED New Comment=CRCW060348R7FKEA
Change Component Comment : Designator=R2 Old Comment=CRCW0201143RFNED New Comment=RK73H2BTTD4990F
Change Component Comment : Designator=R5 Old Comment=RC0603JR-0710KL New Comment=ERJ-3EKF1400V
Change Component Designator: OldDesignator=3V3 NewDesignator=TP3
Change Component Designator: OldDesignator=12V NewDesignator=TP1
Change Component Designator: OldDesignator=C4 NewDesignator=C5
Change Component Designator: OldDesignator=C5 NewDesignator=C4
Change Component Designator: OldDesignator=DS1 NewDesignator=DS2
Change Component Designator: OldDesignator=DS2 NewDesignator=DS1
Change Component Designator: OldDesignator=DS3 NewDesignator=DS4
Change Component Designator: OldDesignator=DS4 NewDesignator=DS5
Change Component Designator: OldDesignator=GND NewDesignator=TP4
Change Component Designator: OldDesignator=IC2 NewDesignator=IC1
Change Component Designator: OldDesignator=MISO NewDesignator=TP17
Change Component Designator: OldDesignator=MOSI NewDesignator=TP16
Change Component Designator: OldDesignator=R1 NewDesignator=R2
Change Component Designator: OldDesignator=R2 NewDesignator=R1
Change Component Designator: OldDesignator=R3 NewDesignator=R4
Change Component Designator: OldDesignator=R4 NewDesignator=R5
Change Component Designator: OldDesignator=R5 NewDesignator=R3
Change Component Designator: OldDesignator=R7 NewDesignator=R8
Change Component Designator: OldDesignator=R8 NewDesignator=R9
Change Component Designator: OldDesignator=R9 NewDesignator=R10
Change Component Designator: OldDesignator=R10 NewDesignator=R11
Change Component Designator: OldDesignator=R11 NewDesignator=R12
Change Component Designator: OldDesignator=R12 NewDesignator=R13
Change Component Designator: OldDesignator=R13 NewDesignator=R14
Change Component Designator: OldDesignator=R14 NewDesignator=R15
Change Component Designator: OldDesignator=R15 NewDesignator=R16
Change Component Designator: OldDesignator=R16 NewDesignator=R17
Change Component Designator: OldDesignator=R17 NewDesignator=R18
Change Component Designator: OldDesignator=R18 NewDesignator=R19
Change Component Designator: OldDesignator=R19 NewDesignator=R20
Change Component Designator: OldDesignator=R20 NewDesignator=R21
Change Component Designator: OldDesignator=R21 NewDesignator=R22
Change Component Designator: OldDesignator=R22 NewDesignator=R23
Change Component Designator: OldDesignator=R23 NewDesignator=R7
Change Component Designator: OldDesignator=R25 NewDesignator=R24
Change Component Designator: OldDesignator=R26 NewDesignator=R27
Change Component Designator: OldDesignator=R27 NewDesignator=R28
Change Component Designator: OldDesignator=R28 NewDesignator=R29
Change Component Designator: OldDesignator=R29 NewDesignator=R25
Change Component Designator: OldDesignator=R30 NewDesignator=R26
Change Component Designator: OldDesignator=R31 NewDesignator=R32
Change Component Designator: OldDesignator=R32 NewDesignator=R30
Change Component Designator: OldDesignator=R33 NewDesignator=R31
Change Component Designator: OldDesignator=R34 NewDesignator=R35
Change Component Designator: OldDesignator=R35 NewDesignator=R36
Change Component Designator: OldDesignator=R36 NewDesignator=R33
Change Component Designator: OldDesignator=R37 NewDesignator=R39
Change Component Designator: OldDesignator=R38 NewDesignator=R40
Change Component Designator: OldDesignator=R39 NewDesignator=R44
Change Component Designator: OldDesignator=R40 NewDesignator=R45
Change Component Designator: OldDesignator=R41 NewDesignator=R38
Change Component Designator: OldDesignator=R42 NewDesignator=R47
Change Component Designator: OldDesignator=R43 NewDesignator=R48
Change Component Designator: OldDesignator=R44 NewDesignator=R49
Change Component Designator: OldDesignator=R45 NewDesignator=R50
Change Component Designator: OldDesignator=R46 NewDesignator=R51
Change Component Designator: OldDesignator=R47 NewDesignator=R52
Change Component Designator: OldDesignator=R48 NewDesignator=R53
Change Component Designator: OldDesignator=R49 NewDesignator=R54
Change Component Designator: OldDesignator=R50 NewDesignator=R55
Change Component Designator: OldDesignator=R51 NewDesignator=R56
Change Component Designator: OldDesignator=R52 NewDesignator=R57
Change Component Designator: OldDesignator=R53 NewDesignator=R58
Change Component Designator: OldDesignator=R54 NewDesignator=R59
Change Component Designator: OldDesignator=R55A NewDesignator=R60A
Change Component Designator: OldDesignator=R55B NewDesignator=R60B
Change Component Designator: OldDesignator=R55C NewDesignator=R60C
Change Component Designator: OldDesignator=R56A NewDesignator=R61A
Change Component Designator: OldDesignator=R56B NewDesignator=R61B
Change Component Designator: OldDesignator=R56C NewDesignator=R61C
Change Component Designator: OldDesignator=R57A NewDesignator=R62A
Change Component Designator: OldDesignator=R57B NewDesignator=R62B
Change Component Designator: OldDesignator=R57C NewDesignator=R62C
Change Component Designator: OldDesignator=R58A NewDesignator=R63A
Change Component Designator: OldDesignator=R58B NewDesignator=R63B
Change Component Designator: OldDesignator=R58C NewDesignator=R63C
Change Component Designator: OldDesignator=R59A NewDesignator=R64A
Change Component Designator: OldDesignator=R59B NewDesignator=R64B
Change Component Designator: OldDesignator=R59C NewDesignator=R64C
Change Component Designator: OldDesignator=R60 NewDesignator=R41
Change Component Designator: OldDesignator=R61A NewDesignator=R66A
Change Component Designator: OldDesignator=R61B NewDesignator=R66B
Change Component Designator: OldDesignator=R61C NewDesignator=R66C
Change Component Designator: OldDesignator=R62A NewDesignator=R67A
Change Component Designator: OldDesignator=R62B NewDesignator=R67B
Change Component Designator: OldDesignator=R62C NewDesignator=R67C
Change Component Designator: OldDesignator=R63A NewDesignator=R68A
Change Component Designator: OldDesignator=R63B NewDesignator=R68B
Change Component Designator: OldDesignator=R63C NewDesignator=R68C
Change Component Designator: OldDesignator=R64A NewDesignator=R69A
Change Component Designator: OldDesignator=R64B NewDesignator=R69B
Change Component Designator: OldDesignator=R64C NewDesignator=R69C
Change Component Designator: OldDesignator=R64D NewDesignator=R69D
Change Component Designator: OldDesignator=R64E NewDesignator=R69E
Change Component Designator: OldDesignator=R64F NewDesignator=R69F
Change Component Designator: OldDesignator=R64G NewDesignator=R69G
Change Component Designator: OldDesignator=R65A NewDesignator=R70A
Change Component Designator: OldDesignator=R65B NewDesignator=R70B
Change Component Designator: OldDesignator=R65C NewDesignator=R70C
Change Component Designator: OldDesignator=R65D NewDesignator=R70D
Change Component Designator: OldDesignator=R65E NewDesignator=R70E
Change Component Designator: OldDesignator=R65F NewDesignator=R70F
Change Component Designator: OldDesignator=R65G NewDesignator=R70G
Change Component Designator: OldDesignator=R66A NewDesignator=R71A
Change Component Designator: OldDesignator=R66B NewDesignator=R71B
Change Component Designator: OldDesignator=R66C NewDesignator=R71C
Change Component Designator: OldDesignator=R66D NewDesignator=R71D
Change Component Designator: OldDesignator=R66E NewDesignator=R71E
Change Component Designator: OldDesignator=R66F NewDesignator=R71F
Change Component Designator: OldDesignator=R66G NewDesignator=R71G
Change Component Designator: OldDesignator=R67 NewDesignator=R42
Change Component Designator: OldDesignator=R68 NewDesignator=R43
Change Component Designator: OldDesignator=R69 NewDesignator=R46
Change Component Designator: OldDesignator=R70A NewDesignator=R65A
Change Component Designator: OldDesignator=R70B NewDesignator=R65B
Change Component Designator: OldDesignator=R70C NewDesignator=R65C
Change Component Designator: OldDesignator=SCK NewDesignator=TP15
Change Component Designator: OldDesignator=SCL NewDesignator=TP10
Change Component Designator: OldDesignator=SDA NewDesignator=TP11
Change Component Designator: OldDesignator=TP12 NewDesignator=TP14
Change Component Designator: OldDesignator=TP15 NewDesignator=TP18
Change Component Designator: OldDesignator=U2 NewDesignator=U3
Change Component Designator: OldDesignator=U3 NewDesignator=U4
Change Component Designator: OldDesignator=U4 NewDesignator=U5
Change Component Designator: OldDesignator=UART_RX NewDesignator=TP13
Change Component Designator: OldDesignator=UART_TX NewDesignator=TP12
Added Component: Designator=DS3(AVAG-HSMX-C170_V)
Add component (AddParameter): Name = "Bulb Size"; Value = "1.25mmx1.4mm"; VariantName = "[No Variations]"
Add component (AddParameter): Name = "Datasheet URL"; Value = "https://datasheet.ciiva.com/29280/180495-da-01-en-chip-led-hsmg-c170-gelb-gruen-29280971.pdf"; VariantName = "[No Variations]"
Add component (AddParameter): Name = "Datasheet Version"; Value = "Oct-08"; VariantName = "[No Variations]"
Add component (AddParameter): Name = "Dominant Wavelength"; Value = "572nm"; VariantName = "[No Variations]"
Add component (AddParameter): Name = "Dominant Wavelength Typ"; Value = "572nm"; VariantName = "[No Variations]"
Add component (AddParameter): Name = "External Depth"; Value = "0.8mm"; VariantName = "[No Variations]"
Add component (AddParameter): Name = "External Length / Height"; Value = "2mm"; VariantName = "[No Variations]"
Add component (AddParameter): Name = "External Width"; Value = "1.25mm"; VariantName = "[No Variations]"
Add component (AddParameter): Name = "Forward Current If"; Value = "20mA"; VariantName = "[No Variations]"
Add component (AddParameter): Name = "Forward Current If Max"; Value = "20mA"; VariantName = "[No Variations]"
Add component (AddParameter): Name = "Forward Voltage"; Value = "2.2V"; VariantName = "[No Variations]"
Add component (AddParameter): Name = "Forward Voltage VF Max"; Value = "2.6V"; VariantName = "[No Variations]"
Add component (AddParameter): Name = "LED Colour"; Value = "Green"; VariantName = "[No Variations]"
Add component (AddParameter): Name = "LED Mounting"; Value = "SMD"; VariantName = "[No Variations]"
Add component (AddParameter): Name = "LED Type"; Value = "Standard"; VariantName = "[No Variations]"
Add component (AddParameter): Name = "Lens Shape"; Value = "Rectangular"; VariantName = "[No Variations]"
Add component (AddParameter): Name = "Light Area Height"; Value = "1mm"; VariantName = "[No Variations]"
Add component (AddParameter): Name = "Luminous Intensity"; Value = "15mcd"; VariantName = "[No Variations]"
Add component (AddParameter): Name = "Luminous Intensity Min"; Value = "4mcd"; VariantName = "[No Variations]"
Add component (AddParameter): Name = "Luminous Intensity Typ"; Value = "15mcd"; VariantName = "[No Variations]"
Add component (AddParameter): Name = "Manufacturer"; Value = "Avago"; VariantName = "[No Variations]"
Add component (AddParameter): Name = "Manufacturer URL"; Value = "http://www.avagotech.com/"; VariantName = "[No Variations]"
Add component (AddParameter): Name = "Mounting Type"; Value = "SMD"; VariantName = "[No Variations]"
Add component (AddParameter): Name = "MSL"; Value = "MSL2A-4weeks"; VariantName = "[No Variations]"
Add component (AddParameter): Name = "No. of Pins"; Value = "2"; VariantName = "[No Variations]"
Add component (AddParameter): Name = "Operating Temperature Max"; Value = "85degC"; VariantName = "[No Variations]"
Add component (AddParameter): Name = "Operating Temperature Min"; Value = "-30degC"; VariantName = "[No Variations]"
Add component (AddParameter): Name = "Operating Temperature Range"; Value = "-30degCto+85degC"; VariantName = "[No Variations]"
Add component (AddParameter): Name = "Opto Case Style"; Value = "SMD"; VariantName = "[No Variations]"
Add component (AddParameter): Name = "Opto Mounting Orientation"; Value = "Top"; VariantName = "[No Variations]"
Add component (AddParameter): Name = "Package Description"; Value = "2-Pin Surface Mount Device, Body 2 x 1.25 mm, Height 0.8 mm"; VariantName = "[No Variations]"
Add component (AddParameter): Name = "Package Reference"; Value = "HSMX-C170"; VariantName = "[No Variations]"
Add component (AddParameter): Name = "Packaging"; Value = "CutTape"; VariantName = "[No Variations]"
Add component (AddParameter): Name = "Peak Forward Current"; Value = "20mA"; VariantName = "[No Variations]"
Add component (AddParameter): Name = "Peak Wavelength"; Value = "570nm"; VariantName = "[No Variations]"
Add component (AddParameter): Name = "PIV Max"; Value = "5V"; VariantName = "[No Variations]"
Add component (AddParameter): Name = "Storage Temperature Max"; Value = "85degC"; VariantName = "[No Variations]"
Add component (AddParameter): Name = "Storage Temperature Min"; Value = "-40degC"; VariantName = "[No Variations]"
Add component (AddParameter): Name = "SVHC"; Value = "NoSVHC(16-Jun-2014)"; VariantName = "[No Variations]"
Add component (AddParameter): Name = "Viewing Angle"; Value = "170deg"; VariantName = "[No Variations]"
Add component (AddParameter): Name = "Voltage Vf Typ"; Value = "2.2V"; VariantName = "[No Variations]"
Add component (AddParameter): Name = "Wavelength Typ"; Value = "570nm"; VariantName = "[No Variations]"
Added Component: Designator=R34(FP-CRCW0603-e3-IPC_C)
Add component (AddParameter): Name = "Case Code (Imperial)"; Value = "0603"; VariantName = "[No Variations]"
Add component (AddParameter): Name = "Case Code (Metric)"; Value = "1608"; VariantName = "[No Variations]"
Add component (AddParameter): Name = "Case/Package"; Value = "0603"; VariantName = "[No Variations]"
Add component (AddParameter): Name = "Composition"; Value = "Thick Film"; VariantName = "[No Variations]"
Add component (AddParameter): Name = "Contact Plating"; Value = "Tin"; VariantName = "[No Variations]"
Add component (AddParameter): Name = "Depth"; Value = "0.85mm"; VariantName = "[No Variations]"
Add component (AddParameter): Name = "Features"; Value = "Automotive AEC-Q200"; VariantName = "[No Variations]"
Add component (AddParameter): Name = "Height"; Value = "0.02inch"; VariantName = "[No Variations]"
Add component (AddParameter): Name = "Length"; Value = "1.55mm"; VariantName = "[No Variations]"
Add component (AddParameter): Name = "Max Operating Temperature"; Value = "155°C"; VariantName = "[No Variations]"
Add component (AddParameter): Name = "Max Power Dissipation"; Value = "100mW"; VariantName = "[No Variations]"
Add component (AddParameter): Name = "Military Standard"; Value = "Not"; VariantName = "[No Variations]"
Add component (AddParameter): Name = "Min Operating Temperature"; Value = "-55°C"; VariantName = "[No Variations]"
Add component (AddParameter): Name = "Number of Pins"; Value = "2"; VariantName = "[No Variations]"
Add component (AddParameter): Name = "Number of Terminations"; Value = "2"; VariantName = "[No Variations]"
Add component (AddParameter): Name = "Package Quantity"; Value = "10"; VariantName = "[No Variations]"
Add component (AddParameter): Name = "Packaging"; Value = "Tape and Reel"; VariantName = "[No Variations]"
Add component (AddParameter): Name = "Power Rating"; Value = "100mW"; VariantName = "[No Variations]"
Add component (AddParameter): Name = "Radiation Hardening"; Value = "No"; VariantName = "[No Variations]"
Add component (AddParameter): Name = "Resistance"; Value = "48.7R"; VariantName = "[No Variations]"
Add component (AddParameter): Name = "Temperature Coefficient"; Value = "100ppm/°C"; VariantName = "[No Variations]"
Add component (AddParameter): Name = "Tolerance"; Value = "1%"; VariantName = "[No Variations]"
Add component (AddParameter): Name = "Voltage Rating"; Value = "75V"; VariantName = "[No Variations]"
Add component (AddParameter): Name = "Weight"; Value = "7.1E-05oz"; VariantName = "[No Variations]"
Add component (AddParameter): Name = "Width"; Value = "0.033inch"; VariantName = "[No Variations]"
Added Component: Designator=R37(RESC1608X55X30NL15T15)
Add component (AddParameter): Name = "Manufacturer"; Value = "Panasonic"; VariantName = "[No Variations]"
Add component (AddParameter): Name = "Part Number"; Value = "ERJ-3EKF1400V"; VariantName = "[No Variations]"
Added Component: Designator=U2(FP-KVU0003A-MFG)
Add component (AddParameter): Name = "Case/Package"; Value = "TO-252"; VariantName = "[No Variations]"
Add component (AddParameter): Name = "Contact Plating"; Value = "Tin"; VariantName = "[No Variations]"
Add component (AddParameter): Name = "Dropout Voltage"; Value = "2V"; VariantName = "[No Variations]"
Add component (AddParameter): Name = "Height"; Value = "2.03mm"; VariantName = "[No Variations]"
Add component (AddParameter): Name = "Lead Free"; Value = "Lead Free"; VariantName = "[No Variations]"
Add component (AddParameter): Name = "Length"; Value = "6.17mm"; VariantName = "[No Variations]"
Add component (AddParameter): Name = "Max Input Voltage"; Value = "25V"; VariantName = "[No Variations]"
Add component (AddParameter): Name = "Max Operating Temperature"; Value = "125°C"; VariantName = "[No Variations]"
Add component (AddParameter): Name = "Max Output Current"; Value = "500mA"; VariantName = "[No Variations]"
Add component (AddParameter): Name = "Max Output Voltage"; Value = "5.2V"; VariantName = "[No Variations]"
Add component (AddParameter): Name = "Min Input Voltage"; Value = "7V"; VariantName = "[No Variations]"
Add component (AddParameter): Name = "Min Operating Temperature"; Value = "-40°C"; VariantName = "[No Variations]"
Add component (AddParameter): Name = "Min Output Voltage"; Value = "4.8V"; VariantName = "[No Variations]"
Add component (AddParameter): Name = "Mount"; Value = "Surface Mount"; VariantName = "[No Variations]"
Add component (AddParameter): Name = "Nominal Output Voltage"; Value = "5V"; VariantName = "[No Variations]"
Add component (AddParameter): Name = "Number of Outputs"; Value = "1"; VariantName = "[No Variations]"
Add component (AddParameter): Name = "Number of Pins"; Value = "3"; VariantName = "[No Variations]"
Add component (AddParameter): Name = "Number of Regulators"; Value = "1"; VariantName = "[No Variations]"
Add component (AddParameter): Name = "Output Current"; Value = "500mA"; VariantName = "[No Variations]"
Add component (AddParameter): Name = "Output Type"; Value = "Fixed"; VariantName = "[No Variations]"
Add component (AddParameter): Name = "Output Voltage"; Value = "5V"; VariantName = "[No Variations]"
Add component (AddParameter): Name = "Package Quantity"; Value = "1"; VariantName = "[No Variations]"
Add component (AddParameter): Name = "Packaging"; Value = "Tape and Reel"; VariantName = "[No Variations]"
Add component (AddParameter): Name = "Polarity"; Value = "Positive"; VariantName = "[No Variations]"
Add component (AddParameter): Name = "Power Supply Rejection Ratio (PSRR)"; Value = "80dB"; VariantName = "[No Variations]"
Add component (AddParameter): Name = "Quiescent Current"; Value = "4.5mA"; VariantName = "[No Variations]"
Add component (AddParameter): Name = "Radiation Hardening"; Value = "No"; VariantName = "[No Variations]"
Add component (AddParameter): Name = "REACH SVHC"; Value = "No SVHC"; VariantName = "[No Variations]"
Add component (AddParameter): Name = "RoHS Compliant"; Value = "Yes"; VariantName = "[No Variations]"
Add component (AddParameter): Name = "Weight"; Value = "0.011598oz"; VariantName = "[No Variations]"
Add component (AddParameter): Name = "Width"; Value = "6.27mm"; VariantName = "[No Variations]"
Added Pin To Net: NetName=12V Pin=DS1-1
Added Pin To Net: NetName=5V Pin=DS3-1
Added Pin To Net: NetName=GND Pin=R3-1
Added Pin To Net: NetName=AVDD33 Pin=R7-2
Added Pin To Net: NetName=NetR11_1 Pin=R11-1
Added Pin To Net: NetName=MII_RX_D0 Pin=R11-2
Added Pin To Net: NetName=NetR12_1 Pin=R12-1
Added Pin To Net: NetName=MII_TXD0 Pin=R12-2
Added Pin To Net: NetName=NetR13_1 Pin=R13-1
Added Pin To Net: NetName=MII_RX_D1 Pin=R13-2
Added Pin To Net: NetName=NetR14_1 Pin=R14-1
Added Pin To Net: NetName=MII_TXD1 Pin=R14-2
Added Pin To Net: NetName=NetR15_1 Pin=R15-1
Added Pin To Net: NetName=MII_RX_D2 Pin=R15-2
Added Pin To Net: NetName=NetR16_1 Pin=R16-1
Added Pin To Net: NetName=MII_TXD2 Pin=R16-2
Added Pin To Net: NetName=NetR17_1 Pin=R17-1
Added Pin To Net: NetName=MII_RX_D3 Pin=R17-2
Added Pin To Net: NetName=MII_TXD3 Pin=R18-2
Added Pin To Net: NetName=NetR24_1 Pin=R24-1
Added Pin To Net: NetName=MII_RX_DV Pin=R24-2
Added Pin To Net: NetName=NetR25_1 Pin=R25-1
Added Pin To Net: NetName=MII_RX_CLK Pin=R25-2
Added Pin To Net: NetName=MII_COL Pin=R26-2
Added Pin To Net: NetName=AVDD33 Pin=R30-1
Added Pin To Net: NetName=RX_P Pin=R30-2
Added Pin To Net: NetName=AVDD33 Pin=R31-1
Added Pin To Net: NetName=TX_P Pin=R31-2
Added Pin To Net: NetName=RX_N Pin=R33-1
Added Pin To Net: NetName=AVDD33 Pin=R33-2
Added Pin To Net: NetName=TX_N Pin=R34-1
Added Pin To Net: NetName=AVDD33 Pin=R34-2
Added Pin To Net: NetName=LED_SPEED/AN1 Pin=R37-1
Added Pin To Net: NetName=NetR6_1 Pin=SW3-1
Added Pin To Net: NetName=12V Pin=U2-1
Added Pin To Net: NetName=5V Pin=U2-3
Added Pin To Net: NetName=GND Pin=U2-4
Added Pin To Net: NetName=NetR6_1 Pin=U3-4
Added Pin To Net: NetName=NetR16_1 Pin=U3-17
Added Pin To Net: NetName=NetR25_1 Pin=U3-24
Added Pin To Net: NetName=NetR24_1 Pin=U3-32
Added Pin To Net: NetName=NetR12_1 Pin=U3-51
Added Pin To Net: NetName=NetR14_1 Pin=U3-52
Change Net Name : Old Net Name=NetDS1_2 New Net Name=NetDS2_2
Change Net Name : Old Net Name=NetDS2_2 New Net Name=NetDS1_2
Change Net Name : Old Net Name=NetDS3_1 New Net Name=NetDS4_1
Change Net Name : Old Net Name=NetDS3_2 New Net Name=NetDS4_2
Change Net Name : Old Net Name=NetIC2_7 New Net Name=NetIC1_7
Change Net Name : Old Net Name=NetIC2_24 New Net Name=NetIC1_24
Change Net Name : Old Net Name=NetIC2_29 New Net Name=NetIC1_29
Change Net Name : Old Net Name=NetIC2_41 New Net Name=NetIC1_41
Change Net Name : Old Net Name=NetR9_1 New Net Name=NetR10_1
Change Net Name : Old Net Name=NetR18_1 New Net Name=NetR19_1
Change Net Name : Old Net Name=NetR19_1 New Net Name=NetR20_1
Change Net Name : Old Net Name=NetR22_1 New Net Name=NetR23_1
Change Net Name : Old Net Name=NetR42_1 New Net Name=NetR47_1
Change Net Name : Old Net Name=NetR43_1 New Net Name=NetR48_1
Change Net Name : Old Net Name=NetR44_1 New Net Name=NetR49_1
Change Net Name : Old Net Name=NetR45_1 New Net Name=NetR50_1
Change Net Name : Old Net Name=NetR46_1 New Net Name=NetR51_1
Change Net Name : Old Net Name=NetR47_1 New Net Name=NetR52_1
Change Net Name : Old Net Name=NetR53_2 New Net Name=NetR58_2
Change Net Name : Old Net Name=NetR55A_1 New Net Name=NetR60A_1
Change Net Name : Old Net Name=NetR55B_1 New Net Name=NetR60B_1
Change Net Name : Old Net Name=NetR55C_1 New Net Name=NetR60C_1
Change Net Name : Old Net Name=NetR56A_2 New Net Name=NetR61A_2
Change Net Name : Old Net Name=NetR56B_2 New Net Name=NetR61B_2
Change Net Name : Old Net Name=NetR56C_2 New Net Name=NetR61C_2
Change Net Name : Old Net Name=NetR58A_1 New Net Name=NetR63A_1
Change Net Name : Old Net Name=NetR58B_1 New Net Name=NetR63B_1
Change Net Name : Old Net Name=NetR58C_1 New Net Name=NetR63C_1
Change Net Name : Old Net Name=NetR60_1 New Net Name=NetR41_1
Change Net Name : Old Net Name=NetR69_2 New Net Name=NetR46_2
Change Net Name : Old Net Name=NetU2_81 New Net Name=NetU3_81
Change Net Name : Old Net Name=NetU2_82 New Net Name=NetU3_82
Added Pin To Net: NetName=NetDS3_2 Pin=DS3-2
Added Pin To Net: NetName=NetDS3_2 Pin=R3-2
Added Net: Name=NetDS3_2
Added Pin To Net: NetName=NetDS5_2 Pin=DS5-2
Added Pin To Net: NetName=NetDS5_2 Pin=R37-2
Added Net: Name=NetDS5_2
Added Pin To Net: NetName=NetR7_1 Pin=R7-1
Added Pin To Net: NetName=NetR7_1 Pin=SW2-1
Added Pin To Net: NetName=NetR7_1 Pin=U3-3
Added Net: Name=NetR7_1
Added Pin To Net: NetName=NetR18_1 Pin=R18-1
Added Pin To Net: NetName=NetR18_1 Pin=U3-1
Added Net: Name=NetR18_1
Added Pin To Net: NetName=NetR26_1 Pin=R26-1
Added Pin To Net: NetName=NetR26_1 Pin=U3-26
Added Net: Name=NetR26_1
Added Member To Class: ClassName=U_POWER Member=Component DS3 HSMG-C170
Added Member To Class: ClassName=U_STM32F417VGT6TR Member=Component R8 RP73PF1J56R2BTDF
Added Member To Class: ClassName=U_Ethernet Member=Component R29 CRCW06034K87FKEAHP
Added Member To Class: ClassName=U_Ethernet Member=Component R37 ERJ-3EKF1400V
Added Member To Class: ClassName=U_MainConnector Member=Component R48 RC0805JR-100RL
Added Member To Class: ClassName=U_MainConnector Member=Component R50 RC0805JR-100RL
Added Member To Class: ClassName=U_MainConnector Member=Component R51 RC0805JR-100RL
Added Member To Class: ClassName=U_MainConnector Member=Component R52 RC0805JR-100RL
Added Member To Class: ClassName=U_POWER Member=Component TP1 5010
Added Member To Class: ClassName=U_POWER Member=Component TP3 5012
Added Member To Class: ClassName=U_POWER Member=Component TP4 5011
Added Member To Class: ClassName=U_MainConnector Member=Component TP10 5012
Added Member To Class: ClassName=U_MainConnector Member=Component TP11 5012
Added Member To Class: ClassName=U_MainConnector Member=Component TP13 5012
Added Member To Class: ClassName=U_MainConnector Member=Component TP14 5012
Added Member To Class: ClassName=U_MainConnector Member=Component TP16 5012
Added Member To Class: ClassName=U_MainConnector Member=Component TP17 5012
Added Member To Class: ClassName=U_MainConnector Member=Component TP18 5012
Added Member To Class: ClassName=U_POWER Member=Component U2 UA78M05CKVURG3
Added Room: Name=U_Ethernet
Added Room: Name=U_MainConnector
Added Room: Name=U_MicroSD
Added Room: Name=U_Oscillator
Added Room: Name=U_POWER
Added Room: Name=U_VehicleCAN
